13:32:06.841 >> lock acquired, begin callonce: read('../../claroApp/user/contractlist.feature@list')
13:32:11.914 << lock released, cached callonce: read('../../claroApp/user/contractlist.feature@list')
13:32:11.931 request:
1 > POST https://qa-gw.claro.com.br/resource-order-portability/v1/phone
1 > Accept-Encoding: gzip,deflate
1 > Authorization: Bearer 7d1a98ac50d30d0e@052019181308
1 > Connection: Keep-Alive
1 > Content-Length: 235
1 > Content-Type: application/json; charset=UTF-8
1 > Host: qa-gw.claro.com.br
1 > User-Agent: Apache-HttpClient/4.5.5 (Java/11.0.2)
1 > X-Application-Key: e9e24b40c78e013762d7000d3ac06d76
1 > origin: API
{"mobileOperatorIdentifier":81,"cellphoneNumber":11970707171,"netPhoneNumber":11970707172,"isHolder":true,"clientIP":"192.0.0.1","clientEmail":"teste@teste.com","clientName":"Name Test","requestURI":"a","username":"Tester","cityId":81}

13:32:15.434 response time in milliseconds: 3499,60
1 < 200
1 < Access-Control-Allow-Origin: *
1 < Content-Type: application/json; charset=utf-8
1 < Server: ECD (spb/E516)
1 < Transfer-Encoding: chunked
1 < X-Policy: 200205-02
1 < cache-control: no-store, max-age=0
1 < date: Wed, 12 Feb 2020 15:32:15 GMT
1 < strict-transport-security: max-age=63072000; includeSubDomains
1 < vary: accept-encoding
1 < x-content-type-options: nosniff
1 < x-download-options: noopen
1 < x-frame-options: DENY
1 < x-request-id: 764699644fa4b63293f20e285e8d59b3ab48a34ce06c811cfe872f3c3310990b
1 < x-xss-protection: 1; mode=block
{"protocolNumber":"052202590592431"}

d0c475aa20825ee89b
1 < x-xss-protection: 1; mode=block
{"statusCode":401,"error":"Unauthorized","message":"Bad Response From Token Introspection Endpoint","attributes":{"error":"Bad Response From Token Introspection Endpoint"}}

13:29:08.805 status code was: 401, expected: 200, response time: 235, url: https://qa-gw.claro.com.br/resource-order-portability/v1/phone, response: {"statusCode":401,"error":"Unauthorized","message":"Bad Response From Token Introspection Endpoint","attributes":{"error":"Bad Response From Token Introspection Endpoint"}}
