11:25:22.855 >> lock acquired, begin callonce: read('../../claroApp/authentication/signin.feature@login')
11:25:24.076 << lock released, cached callonce: read('../../claroApp/authentication/signin.feature@login')
11:25:24.096 request:
1 > GET https://qa-gw.claro.com.br/resource-order-portability/v1/phone
1 > Accept-Encoding: gzip,deflate
1 > Authorization: Bearer 1456b4ef93ff1be5@003349338695
1 > Connection: Keep-Alive
1 > Content-Type: application/json
1 > Host: qa-gw.claro.com.br
1 > User-Agent: Apache-HttpClient/4.5.5 (Java/11.0.2)
1 > X-Application-Key: e9e24b40c78e013762d7000d3ac06d76
1 > origin: API

11:25:24.200 response time in milliseconds: 59,73
1 < 405
1 < Content-Type: application/json; charset=utf-8
1 < Date: Wed, 12 Feb 2020 13:25:24 GMT
1 < Server: ECD (spb/E516)
1 < Transfer-Encoding: chunked
1 < X-Policy: 200205-02
1 < access-control-allow-origin: *
1 < cache-control: no-store, max-age=0
1 < strict-transport-security: max-age=63072000; includeSubDomains
1 < vary: accept-encoding
1 < x-content-type-options: nosniff
1 < x-download-options: noopen
1 < x-frame-options: DENY
1 < x-request-id: ee0d9a20065234eda06e88187afcb2bd6539bf7230708a9bba31449d006df6ed
1 < x-xss-protection: 1; mode=block
{"statusCode":405,"error":"Method Not Allowed","message":"Resource Method not found"}

