11:23:47.421 >> lock acquired, begin callonce: read('../../claroApp/authentication/signin.feature@login')
11:23:49.218 << lock released, cached callonce: read('../../claroApp/authentication/signin.feature@login')
11:23:49.239 request:
1 > DELETE https://qa-gw.claro.com.br/resource-order-portability/v1/phone
1 > Accept-Encoding: gzip,deflate
1 > Authorization: Bearer 17e564ffbf1133ea@003349338695
1 > Connection: Keep-Alive
1 > Content-Length: 234
1 > Content-Type: application/json; charset=UTF-8
1 > Host: qa-gw.claro.com.br
1 > User-Agent: Apache-HttpClient/4.5.5 (Java/11.0.2)
1 > X-Application-Key: e9e24b40c78e013762d7000d3ac06d76
1 > origin: API
{"mobileOperatorIdentifier":81,"cellphoneNumber":11970707171,"netPhoneNumber":11970707172,"isHolder":true,"clientIP":"192.0.0.1","clientEmail":"teste@teste.com","clientName":"Name Test","requestURI":"a","username":"Tester","cityId":1}

11:23:49.366 response time in milliseconds: 82,64
1 < 405
1 < Content-Type: application/json; charset=utf-8
1 < Date: Wed, 12 Feb 2020 13:23:49 GMT
1 < Server: ECD (spb/E516)
1 < Transfer-Encoding: chunked
1 < X-Policy: 200205-02
1 < access-control-allow-origin: *
1 < cache-control: no-store, max-age=0
1 < strict-transport-security: max-age=63072000; includeSubDomains
1 < vary: accept-encoding
1 < x-content-type-options: nosniff
1 < x-download-options: noopen
1 < x-frame-options: DENY
1 < x-request-id: cbec399b9330378226484c35e33e06cc192d161d3ad40e3726a179191c3b1da0
1 < x-xss-protection: 1; mode=block
{"statusCode":405,"error":"Method Not Allowed","message":"Resource Method not found"}

