11:37:15.117 >> lock acquired, begin callonce: read('../../claroApp/authentication/signin.feature@login')
11:37:16.438 << lock released, cached callonce: read('../../claroApp/authentication/signin.feature@login')
11:37:16.456 request:
1 > POST https://qa-gw.claro.com.br/resource-order-portability/v1/phone
1 > Accept-Encoding: gzip,deflate
1 > Authorization: Bearer d3dd2afbc097ccda@003349338695
1 > Connection: Keep-Alive
1 > Content-Length: 361
1 > Content-Type: application/json; charset=UTF-8
1 > Host: qa-gw.claro.com.br
1 > User-Agent: Apache-HttpClient/4.5.5 (Java/11.0.2)
1 > X-Application-Key: e9e24b40c78e013762d7000d3ac06d76
1 > origin: API
{"mobileOperatorIdentifier":81,"cellphoneNumber":11990101010,"netPhoneNumber":11910101010,"isHolder":true,"clientIP":"192.0.0.1","clientEmail":"teste@teste.com","clientName":"Teste Name","clientAddress":"Rua rua","clientPostalCode":"13333-111","clientNeighborhood":"","clientState":"SP","clientCity":"São Paulo","requestURI":"a","username":"Teste","cityId":81}

11:37:19.833 response time in milliseconds: 3371,06
1 < 200
1 < Access-Control-Allow-Origin: *
1 < Content-Type: application/json; charset=utf-8
1 < Server: ECD (spb/E516)
1 < Transfer-Encoding: chunked
1 < X-Policy: 200205-02
1 < cache-control: no-store, max-age=0
1 < date: Wed, 12 Feb 2020 13:37:19 GMT
1 < strict-transport-security: max-age=63072000; includeSubDomains
1 < vary: accept-encoding
1 < x-content-type-options: nosniff
1 < x-download-options: noopen
1 < x-frame-options: DENY
1 < x-request-id: ea3642544f6618486d3ae99544bc6499e6836b8c87a48315733bc60e3c8da86d
1 < x-xss-protection: 1; mode=block
{"protocolNumber":"003204432309586"}

11:37:19.835 status code was: 200, expected: 400, response time: 3371, url: https://qa-gw.claro.com.br/resource-order-portability/v1/phone, response: {"protocolNumber":"003204432309586"}
