11:17:51.442 request:
1 > DELETE https://qa-gw.claro.com.br/resource-order-portability/v1/mobile-operators?cityId=1
1 > Accept-Encoding: gzip,deflate
1 > Connection: Keep-Alive
1 > Host: qa-gw.claro.com.br
1 > User-Agent: Apache-HttpClient/4.5.5 (Java/11.0.2)
1 > X-Application-Key: e9e24b40c78e013762d7000d3ac06d76

11:17:51.815 response time in milliseconds: 346,90
1 < 405
1 < Access-Control-Allow-Origin: *
1 < Content-Type: application/json; charset=utf-8
1 < Date: Wed, 12 Feb 2020 13:17:51 GMT
1 < Server: ECD (spb/E563)
1 < Transfer-Encoding: chunked
1 < X-Policy: 200205-02
1 < cache-control: no-store, max-age=0
1 < strict-transport-security: max-age=63072000; includeSubDomains
1 < vary: accept-encoding
1 < x-content-type-options: nosniff
1 < x-download-options: noopen
1 < x-frame-options: DENY
1 < x-request-id: 974772209b0ba4f13b0b736c64223f22799fe6e75626a1989e4f12536d3e5f25
1 < x-xss-protection: 1; mode=block
{"statusCode":405,"error":"Method Not Allowed","message":"Resource Method not found"}

11:17:51.823 assertion failed: path: $.error, actual: 'Method Not Allowed', expected: 'Forbidden', reason: not equal
