10:28:10.229 >> lock acquired, begin callonce: read('../../claroApp/authentication/signin.feature@login')
10:28:11.650 << lock released, cached callonce: read('../../claroApp/authentication/signin.feature@login')
10:28:11.667 request:
1 > POST https://qa-gw.claro.com.br/resource-order-portability/v1/phone-address
1 > Accept-Encoding: gzip,deflate
1 > Authorization: Bearer ac73387ae3658987@003349338695
1 > Connection: Keep-Alive
1 > Content-Length: 292
1 > Content-Type: application/json; charset=UTF-8
1 > Host: qa-gw.claro.com.br
1 > User-Agent: Apache-HttpClient/4.5.5 (Java/11.0.2)
1 > X-Application-Key: e9e24b40c78e013762d7000d3ac06d76
1 > origin: API
{"mobileOperatorIdentifier":81,"cellphoneNumber":"","netPhoneNumber":11910101010,"isHolder":true,"clientIP":"","clientEmail":"","clientName":"","clientAddress":"","clientPostalCode":"","clientNeighborhood":"","clientState":"SP","clientCity":"","requestURI":"a","username":"Teste","cityId":81}

10:28:12.804 response time in milliseconds: 1132,42
1 < 400
1 < Access-Control-Allow-Origin: *
1 < Content-Type: application/json; charset=utf-8
1 < Server: ECD (spb/E563)
1 < Transfer-Encoding: chunked
1 < X-Policy: 200205-02
1 < cache-control: no-store, max-age=0
1 < date: Tue, 11 Feb 2020 12:28:12 GMT
1 < strict-transport-security: max-age=63072000; includeSubDomains
1 < vary: accept-encoding
1 < x-content-type-options: nosniff
1 < x-download-options: noopen
1 < x-frame-options: DENY
1 < x-request-id: 46e7922af00ef93479a6c5b079ba117b994bccac952624c18b10422b1ad40f6a
1 < x-xss-protection: 1; mode=block
{"statusCode":"400","status":"Bad Request","description":"clientIP: Parâmetro ausente ou fora do padrão!"}

10:28:12.807 assertion failed: path: $.description, actual: 'clientIP: Parâmetro ausente ou fora do padrão!', expected: 'username: Parâmetro ausente ou fora do padrão!', reason: not equal
