11:33:07.382 >> lock acquired, begin callonce: read('../../claroApp/authentication/signin.feature@login')
11:33:09.493 << lock released, cached callonce: read('../../claroApp/authentication/signin.feature@login')
11:33:09.520 request:
1 > POST https://qa-gw.claro.com.br/resource-order-portability/v1/phone
1 > Accept-Encoding: gzip,deflate
1 > Authorization: Bearer a59b2ab743e78ddb@003349338695
1 > Connection: Keep-Alive
1 > Content-Length: 261
1 > Content-Type: application/json; charset=UTF-8
1 > Host: qa-gw.claro.com.br
1 > User-Agent: Apache-HttpClient/4.5.5 (Java/11.0.2)
1 > X-Application-Key: gwappkey
1 > origin: API
{"mobileOperatorIdentifier":81,"cellphoneNumber":11970707171,"netPhoneNumber":11970707172,"isHolder":true,"clientIP":"192.0.0.1","clientEmail":"teste@teste.com","clientName":"Name Test","requestURI":"a","username":"Tester","cityId":9999999999999999999999999999}

11:33:09.643 response time in milliseconds: 77,82
1 < 403
1 < Content-Type: application/json; charset=utf-8
1 < Date: Tue, 11 Feb 2020 13:33:09 GMT
1 < Server: ECD (spb/E516)
1 < Transfer-Encoding: chunked
1 < X-Policy: 200205-02
1 < access-control-allow-origin: *
1 < cache-control: no-store, max-age=0
1 < strict-transport-security: max-age=63072000; includeSubDomains
1 < vary: accept-encoding
1 < x-content-type-options: nosniff
1 < x-download-options: noopen
1 < x-frame-options: DENY
1 < x-request-id: 00a3e48eb0429a0494e48d60769c1b611400f35a2a693db0827980079702d655
1 < x-xss-protection: 1; mode=block
{"statusCode":403,"error":"Forbidden","message":"Application key is not allowed to call this resource method"}

