13:37:36.251 request:
1 > GET https://dev-gw.claro.com.br/resource-order-portability/v1/mobile-operators?cityId=1231243434343324
1 > Accept-Encoding: gzip,deflate
1 > Connection: Keep-Alive
1 > Host: dev-gw.claro.com.br
1 > User-Agent: Apache-HttpClient/4.5.5 (Java/11.0.2)
1 > X-Application-Key: e9e24b40c78e013762d7000d3ac06d76

13:37:37.510 response time in milliseconds: 1244,57
1 < 400
1 < Access-Control-Allow-Origin: *
1 < Content-Type: application/json; charset=utf-8
1 < Server: ECD (spb/E563)
1 < Transfer-Encoding: chunked
1 < X-Policy: 200205-02
1 < cache-control: no-store, max-age=0
1 < date: Mon, 10 Feb 2020 15:37:37 GMT
1 < strict-transport-security: max-age=15768000
1 < vary: accept-encoding
1 < x-content-type-options: nosniff
1 < x-download-options: noopen
1 < x-frame-options: DENY
1 < x-request-id: 0a8d6aa6e6b0ccebda1925282af87fa63df89275ff3dbc0563c73d26a4c7b6c8
1 < x-xss-protection: 1; mode=block
{"statusCode":"400","status":"Bad Request","description":"cityId: Par창metro fora do padr찾o!"}

13:37:37.515 assertion failed: path: $.description, actual: 'cityId: Par창metro fora do padr찾o!', expected: 'Required Long parameter 'cityId' is not present', reason: not equal
: 'Failed to convert value of type 'java.lang.String' to required type 'java.lang.Long'; nested exception is java.lang.NumberFormatException: For input string: "aaaaa"', expected: 'Required Long parameter 'cityId' is not present', reason: not equal
