11:30:42.343 request:
1 > GET https://qa-gw.claro.com.br/resource-order-portability/v1/mobile-operators?cityId=1231243434343324
1 > Accept-Encoding: gzip,deflate
1 > Connection: Keep-Alive
1 > Host: qa-gw.claro.com.br
1 > User-Agent: Apache-HttpClient/4.5.5 (Java/11.0.2)
1 > X-Application-Key: gwappkey

11:30:42.652 response time in milliseconds: 266,97
1 < 403
1 < Access-Control-Allow-Origin: *
1 < Content-Type: application/json; charset=utf-8
1 < Date: Tue, 11 Feb 2020 13:30:42 GMT
1 < Server: ECD (spb/E563)
1 < Transfer-Encoding: chunked
1 < X-Policy: 200205-02
1 < cache-control: no-store, max-age=0
1 < strict-transport-security: max-age=63072000; includeSubDomains
1 < vary: accept-encoding
1 < x-content-type-options: nosniff
1 < x-download-options: noopen
1 < x-frame-options: DENY
1 < x-request-id: 83c9f0b562e70c82be29d90e01fdd5fcbd7210a767ff620ae115d888e93610c1
1 < x-xss-protection: 1; mode=block
{"statusCode":403,"error":"Forbidden","message":"Application key is not allowed to call this resource method"}

11:30:42.654 status code was: 403, expected: 400, response time: 267, url: https://qa-gw.claro.com.br/resource-order-portability/v1/mobile-operators?cityId=1231243434343324, response: {"statusCode":403,"error":"Forbidden","message":"Application key is not allowed to call this resource method"}
.lang.Long'; nested exception is java.lang.NumberFormatException: For input string: "999991231243434343324"', expected: 'cityId: Parâmetro ausente ou fora do padrão!', reason: not equal
