10:22:10.516 >> lock acquired, begin callonce: read('../../claroApp/authentication/signin.feature@login')
10:22:12.365 << lock released, cached callonce: read('../../claroApp/authentication/signin.feature@login')
10:22:12.389 request:
1 > POST https://qa-gw.claro.com.br/resource-order-portability/v1/phone-address
1 > Accept-Encoding: gzip,deflate
1 > Authorization: Bearer cdc87d7f2661298f@003349338695
1 > Connection: Keep-Alive
1 > Content-Length: 279
1 > Content-Type: application/json; charset=UTF-8
1 > Host: qa-gw.claro.com.br
1 > User-Agent: Apache-HttpClient/4.5.5 (Java/11.0.2)
1 > X-Application-Key: e9e24b40c78e013762d7000d3ac06d76
1 > origin: API
{"mobileOperatorIdentifier":"","cellphoneNumber":"","netPhoneNumber":"","isHolder":"","clientIP":"","clientEmail":"","clientName":"","clientAddress":"","clientPostalCode":"","clientNeighborhood":"","clientState":"","clientCity":"","requestURI":"a","username":"Teste","cityId":81}

10:22:13.622 response time in milliseconds: 1227,87
1 < 400
1 < Access-Control-Allow-Origin: *
1 < Content-Type: application/json; charset=utf-8
1 < Server: ECD (spb/E563)
1 < Transfer-Encoding: chunked
1 < X-Policy: 200205-02
1 < cache-control: no-store, max-age=0
1 < date: Tue, 11 Feb 2020 12:22:12 GMT
1 < strict-transport-security: max-age=63072000; includeSubDomains
1 < vary: accept-encoding
1 < x-content-type-options: nosniff
1 < x-download-options: noopen
1 < x-frame-options: DENY
1 < x-request-id: 9eaa42e1c5108793cf70b0e4ad8b8dd97f78d2a6aa83f7828e333311ad82953f
1 < x-xss-protection: 1; mode=block
{"statusCode":"400","status":"Bad Request","description":"isHolder: Parâmetro ausente ou fora do padrão!"}

10:22:13.626 assertion failed: path: $.description, actual: 'isHolder: Parâmetro ausente ou fora do padrão!', expected: 'netPhoneNumber: Parâmetro ausente ou fora do padrão!', reason: not equal
