18:14:14.921 >> lock acquired, begin callonce: read('../../claroApp/authentication/signin.feature@login')
18:14:16.187 << lock released, cached callonce: read('../../claroApp/authentication/signin.feature@login')
18:14:16.215 request:
1 > POST https://qa-gw.claro.com.br/resource-order-portability/v1/phone
1 > Accept-Encoding: gzip,deflate
1 > Authorization: Bearer f84ea03085eb9e97@003349338695
1 > Connection: Keep-Alive
1 > Content-Length: 224
1 > Content-Type: application/json; charset=UTF-8
1 > Host: qa-gw.claro.com.br
1 > User-Agent: Apache-HttpClient/4.5.5 (Java/11.0.2)
1 > X-Application-Key: e9e24b40c78e013762d7000d3ac06d76
1 > origin: API
{"mobileOperatorIdentifier":81,"cellphoneNumber":11990101010,"netPhoneNumber":11910101010,"isHolder":true,"clientIP":"192.0.0.1","clientEmail":"teste@teste.com","clientName":"Teste Name","requestURI":"a","username":"Tester"}

18:14:17.243 response time in milliseconds: 1023,33
1 < 400
1 < Access-Control-Allow-Origin: *
1 < Content-Type: application/json; charset=utf-8
1 < Server: ECD (spb/E516)
1 < Transfer-Encoding: chunked
1 < X-Policy: 200205-02
1 < cache-control: no-store, max-age=0
1 < date: Mon, 10 Feb 2020 20:14:17 GMT
1 < strict-transport-security: max-age=63072000; includeSubDomains
1 < vary: accept-encoding
1 < x-content-type-options: nosniff
1 < x-download-options: noopen
1 < x-frame-options: DENY
1 < x-request-id: 044532bfb3c595fa5de8ca8395b997dc7c56231260bd3d2590d8275ad679b719
1 < x-xss-protection: 1; mode=block
{"statusCode":"400","status":"Bad Request","description":"cityId: Parâmetro ausente ou fora do padrão!"}

18:14:17.247 assertion failed: path: $.description, actual: 'cityId: Parâmetro ausente ou fora do padrão!', expected: 'cellphoneNumber: Parâmetro ausente ou fora do padrão!', reason: not equal
eason: not equal
