11:25:29.012 request:
1 > GET https://qa-gw.claro.com.br/resource-order-portability/v1/mobile-operators?cityId=1231243434343324
1 > Accept-Encoding: gzip,deflate
1 > Connection: Keep-Alive
1 > Host: qa-gw.claro.com.br
1 > User-Agent: Apache-HttpClient/4.5.5 (Java/11.0.2)
1 > X-Application-Key: e9e24b40c78e013762d7000d3ac06d76

11:25:29.910 response time in milliseconds: 896,03
1 < 400
1 < Access-Control-Allow-Origin: *
1 < Content-Type: application/json; charset=utf-8
1 < Server: ECD (spb/E563)
1 < Transfer-Encoding: chunked
1 < X-Policy: 200205-02
1 < cache-control: no-store, max-age=0
1 < date: Tue, 11 Feb 2020 13:25:29 GMT
1 < strict-transport-security: max-age=63072000; includeSubDomains
1 < vary: accept-encoding
1 < x-content-type-options: nosniff
1 < x-download-options: noopen
1 < x-frame-options: DENY
1 < x-request-id: 376357d4cee1905743411d29d0b53b62f62115c315e257f518464f3f06c268ad
1 < x-xss-protection: 1; mode=block
{"statusCode":"400","status":"Bad Request","description":"cityId: Parâmetro ausente ou fora do padrão!"}


14:41:15.149 assertion failed: path: $.description, actual: 'cityId: Parâmetro ausente ou fora do padrão!', expected: 'cityId: Parâmetro fora do padrão!', reason: not equal
