11:20:18.700 >> lock acquired, begin callonce: read('../../claroApp/authentication/signin.feature@login')
11:20:20.015 << lock released, cached callonce: read('../../claroApp/authentication/signin.feature@login')
11:20:20.080 request:
1 > POST https://qa-gw.claro.com.br/resource-order-portability/v1/phone
1 > Accept-Encoding: gzip,deflate
1 > Authorization: Bearer d8336cb24b1e9a4e@003349338695
1 > Connection: Keep-Alive
1 > Content-Length: 261
1 > Content-Type: application/json; charset=UTF-8
1 > Host: qa-gw.claro.com.br
1 > User-Agent: Apache-HttpClient/4.5.5 (Java/11.0.2)
1 > X-Application-Key: e9e24b40c78e013762d7000d3ac06d76
1 > origin: API
{"mobileOperatorIdentifier":81,"cellphoneNumber":11970707171,"netPhoneNumber":11970707172,"isHolder":true,"clientIP":"192.0.0.1","clientEmail":"teste@teste.com","clientName":"Name Test","requestURI":"a","username":"Tester","cityId":9999999999999999999999999999}

11:20:21.214 response time in milliseconds: 1132,13
1 < 400
1 < Access-Control-Allow-Origin: *
1 < Content-Type: application/json; charset=utf-8
1 < Server: ECD (spb/E516)
1 < Transfer-Encoding: chunked
1 < X-Policy: 200205-02
1 < cache-control: no-store, max-age=0
1 < date: Tue, 11 Feb 2020 13:20:20 GMT
1 < strict-transport-security: max-age=63072000; includeSubDomains
1 < vary: accept-encoding
1 < x-content-type-options: nosniff
1 < x-download-options: noopen
1 < x-frame-options: DENY
1 < x-request-id: cfe3ee1e91f1e6c3270f9784a57b847e38906d55e4e0cede41bf5515531944f1
1 < x-xss-protection: 1; mode=block
{"statusCode":"400","status":"Bad Request","description":"JSON parse error: Numeric value (9999999999999999999999999999) out of range of long (-9223372036854775808 - 9223372036854775807); nested exception is com.fasterxml.jackson.databind.JsonMappingException: Numeric value (9999999999999999999999999999) out of range of long (-9223372036854775808 - 9223372036854775807)\n at [Source: (PushbackInputStream); line: 1, column: 233] (through reference chain: com.claro.ecare.api.portability.dto.RequestPhonePortabilityDTO[\"cityId\"])"}

11:20:21.217 assertion failed: path: $.description, actual: 'JSON parse error: Numeric value (9999999999999999999999999999) out of range of long (-9223372036854775808 - 9223372036854775807); nested exception is com.fasterxml.jackson.databind.JsonMappingException: Numeric value (9999999999999999999999999999) out of range of long (-9223372036854775808 - 9223372036854775807)
 at [Source: (PushbackInputStream); line: 1, column: 233] (through reference chain: com.claro.ecare.api.portability.dto.RequestPhonePortabilityDTO["cityId"])', expected: 'cityId: Parâmetro ausente ou fora do padrão!', reason: not equal
