14:50:29.588 >> lock acquired, begin callonce: read('../../claroApp/authentication/signin.feature@login')
14:50:30.921 << lock released, cached callonce: read('../../claroApp/authentication/signin.feature@login')
14:50:30.934 request:
1 > DELETE https://qa-gw.claro.com.br/resource-inventory/v1/device-management/ZDA6YzU6ZjM6NGU6OGY6OTU=
1 > Accept-Encoding: gzip,deflate
1 > Authorization: Bearer d0f2d6d2a0a6d04e
1 > Connection: Keep-Alive
1 > Host: qa-gw.claro.com.br
1 > User-Agent: Apache-HttpClient/4.5.5 (Java/11.0.2)
1 > X-Application-Key: auhdaiuhdaiuhds
1 > document: 36512468848

14:50:31.035 response time in milliseconds: 55,88
1 < 403
1 < Access-Control-Allow-Origin: *
1 < Content-Type: application/json; charset=utf-8
1 < Date: Mon, 27 Jan 2020 16:50:29 GMT
1 < Server: ECD (spb/E516)
1 < Transfer-Encoding: chunked
1 < X-Policy: 200127-02
1 < cache-control: no-store, max-age=0
1 < strict-transport-security: max-age=63072000; includeSubDomains
1 < vary: accept-encoding
1 < x-content-type-options: nosniff
1 < x-download-options: noopen
1 < x-frame-options: DENY
1 < x-request-id: ab5fa247b9afa5605598fa1791ce26c183fd299f909251c6be00e7ea6d843201
1 < x-xss-protection: 1; mode=block
{"statusCode":403,"error":"Forbidden","message":"Application key is not allowed to call this resource method"}

