17:56:36.334 >> lock acquired, begin callonce: read('../../claroApp/authentication/signin.feature@login')
17:56:37.591 << lock released, cached callonce: read('../../claroApp/authentication/signin.feature@login')
17:56:37.604 request:
1 > POST https://qa-gw.claro.com.br/resource-order-portability/v1/phone
1 > Accept-Encoding: gzip,deflate
1 > Authorization: Bearer 6693b1753278e8cb@003349338695
1 > Connection: Keep-Alive
1 > Content-Length: 199
1 > Content-Type: application/json; charset=UTF-8
1 > Host: qa-gw.claro.com.br
1 > User-Agent: Apache-HttpClient/4.5.5 (Java/11.0.2)
1 > X-Application-Key: e9e24b40c78e013762d7000d3ac06d76
1 > origin: API
{"mobileOperatorIdentifier":"","cellphoneNumber":"","netPhoneNumber":"","isHolder":"","clientIP":"","clientEmail":"teste@teste.com","clientName":"Teste Name","requestURI":"","username":"","cityId":1}

17:56:38.780 response time in milliseconds: 1171,39
1 < 400
1 < Access-Control-Allow-Origin: *
1 < Content-Type: application/json; charset=utf-8
1 < Server: ECD (spb/E516)
1 < Transfer-Encoding: chunked
1 < X-Policy: 200205-02
1 < cache-control: no-store, max-age=0
1 < date: Mon, 10 Feb 2020 19:56:39 GMT
1 < strict-transport-security: max-age=63072000; includeSubDomains
1 < vary: accept-encoding
1 < x-content-type-options: nosniff
1 < x-download-options: noopen
1 < x-frame-options: DENY
1 < x-request-id: 3a816008106b7d02a426a97642b427596bf4a2e7385950d81521d057b615b7d0
1 < x-xss-protection: 1; mode=block
{"statusCode":"400","status":"Bad Request","description":"netPhoneNumber: Parâmetro ausente ou fora do padrão!"}

17:56:38.783 assertion failed: path: $.description, actual: 'netPhoneNumber: Parâmetro ausente ou fora do padrão!', expected: 'clientIP: Parâmetro ausente ou fora do padrão!', reason: not equal
