10:27:03.765 >> lock acquired, begin callonce: read('../../claroApp/authentication/signin.feature@login')
10:27:05.057 << lock released, cached callonce: read('../../claroApp/authentication/signin.feature@login')
10:27:05.075 request:
1 > POST https://qa-gw.claro.com.br/resource-order-portability/v1/phone-address
1 > Accept-Encoding: gzip,deflate
1 > Authorization: Bearer 5fd4d2dcb83f9305@003349338695
1 > Connection: Keep-Alive
1 > Content-Length: 292
1 > Content-Type: application/json; charset=UTF-8
1 > Host: qa-gw.claro.com.br
1 > User-Agent: Apache-HttpClient/4.5.5 (Java/11.0.2)
1 > X-Application-Key: e9e24b40c78e013762d7000d3ac06d76
1 > origin: API
{"mobileOperatorIdentifier":"","cellphoneNumber":"","netPhoneNumber":11910101010,"isHolder":true,"clientIP":"","clientEmail":"","clientName":"","clientAddress":"","clientPostalCode":"","clientNeighborhood":"","clientState":"SP","clientCity":"","requestURI":"a","username":"Teste","cityId":81}

10:27:06.096 response time in milliseconds: 1017,90
1 < 400
1 < Access-Control-Allow-Origin: *
1 < Content-Type: application/json; charset=utf-8
1 < Server: ECD (spb/E563)
1 < Transfer-Encoding: chunked
1 < X-Policy: 200205-02
1 < cache-control: no-store, max-age=0
1 < date: Tue, 11 Feb 2020 12:27:05 GMT
1 < strict-transport-security: max-age=63072000; includeSubDomains
1 < vary: accept-encoding
1 < x-content-type-options: nosniff
1 < x-download-options: noopen
1 < x-frame-options: DENY
1 < x-request-id: a89aaebe17d7f870c8a2e73bb0c41a4f3a78a583b305a7429d8dbeb1a4d9c37e
1 < x-xss-protection: 1; mode=block
{"statusCode":"400","status":"Bad Request","description":"mobileOperatorIdentifier: Parâmetro ausente ou fora do padrão!"}

10:27:06.097 assertion failed: path: $.description, actual: 'mobileOperatorIdentifier: Parâmetro ausente ou fora do padrão!', expected: 'isHolder: Parâmetro ausente ou fora do padrão!', reason: not equal
