11:31:30.554 >> lock acquired, begin callonce: read('../../claroApp/authentication/signin.feature@login')
11:31:31.749 << lock released, cached callonce: read('../../claroApp/authentication/signin.feature@login')
11:31:31.765 request:
1 > GET https://qa-gw.claro.com.br/resource-inventory/v1/device-management
1 > Accept-Encoding: gzip,deflate
1 > Authorization: Bearer 8caef7d7847e6a37
1 > Connection: Keep-Alive
1 > Host: qa-gw.claro.com.br
1 > User-Agent: Apache-HttpClient/4.5.5 (Java/11.0.2)
1 > X-Application-Key: 2251d8c0a94601364c54000d3ac06d76
1 > document: thiagoflc

11:31:33.511 response time in milliseconds: 1738,69
1 < 200
1 < Access-Control-Allow-Origin: *
1 < Content-Type: application/json;charset=utf-8
1 < Server: ECD (spb/E4A2)
1 < Transfer-Encoding: chunked
1 < X-Policy: 200205-02
1 < cache-control: no-store, max-age=0
1 < date: Mon, 10 Feb 2020 13:31:33 GMT
1 < strict-transport-security: max-age=63072000; includeSubDomains
1 < vary: accept-encoding
1 < x-content-type-options: nosniff
1 < x-download-options: noopen
1 < x-frame-options: DENY
1 < x-request-id: 28d2e2d302e6b494c5696a2ee5181de91d3452a2e761340baa8bc5f74c7dc9e2
1 < x-xss-protection: 1; mode=block
[{"deviceName":"OS X","deviceId":"ZWM6MmM6ZTI6YmM6YTM6MWY%3D","expirationDate":"2020-02-13T23:50:22Z","creationDate":"2019-11-13T23:50:24Z","browserName":"Apple Mail"},{"deviceName":"iOS","deviceId":"NmM6ZTg6NWM6NDA6NTg6OTg%3D","expirationDate":"2020-02-17T14:35:53Z","creationDate":"2019-11-17T14:35:54Z","browserName":"Mobile Safari"}]

11:30:20.177 assertion failed: path: $, actual: [{"deviceName":"OS X","deviceId":"ZWM6MmM6ZTI6YmM6YTM6MWY%3D","expirationDate":"2020-02-13T23:50:22Z","creationDate":"2019-11-13T23:50:24Z","browserName":"Apple Mail"},{"deviceName":"iOS","deviceId":"NmM6ZTg6NWM6NDA6NTg6OTg%3D","expirationDate":"2020-02-17T14:35:53Z","creationDate":"2019-11-17T14:35:54Z","browserName":"Mobile Safari"}], expected: [{"deviceName":"Windows","deviceId":"MDA6MDU6MTY6NTk6ZjE6NjM%3D","expirationDate":"2020-01-25T13:02:17Z","creationDate":"2019-10-25T13:02:18Z","browserName":"Chrome"}], reason: actual and expected arrays are not the same size - 2:1
