10:57:12.068 >> lock acquired, begin callonce: read('../../claroApp/authentication/signin.feature@login')
10:57:13.491 << lock released, cached callonce: read('../../claroApp/authentication/signin.feature@login')
10:57:13.511 request:
1 > GET https://qa-gw.claro.com.br/resource-inventory/v1/device-management
1 > Accept-Encoding: gzip,deflate
1 > Authorization: Bearer bc2d844e032200d
1 > Connection: Keep-Alive
1 > Host: qa-gw.claro.com.br
1 > User-Agent: Apache-HttpClient/4.5.5 (Java/11.0.2)
1 > X-Application-Key: 2251d8c0a94601364c54000d3ac06d76
1 > document: 36512468848

10:57:15.488 response time in milliseconds: 1970,48
1 < 200
1 < Access-Control-Allow-Origin: *
1 < Content-Type: application/json;charset=utf-8
1 < Server: ECD (spb/E4A2)
1 < Transfer-Encoding: chunked
1 < X-Policy: 200123-03
1 < cache-control: no-store, max-age=0
1 < date: Mon, 27 Jan 2020 12:57:13 GMT
1 < strict-transport-security: max-age=63072000; includeSubDomains
1 < vary: accept-encoding
1 < x-content-type-options: nosniff
1 < x-download-options: noopen
1 < x-frame-options: DENY
1 < x-request-id: dce6ef02268b3a1ae45a61df9bef88d3d4d7a9634ea12aa2f6444d01ba68b4da
1 < x-xss-protection: 1; mode=block
[]

10:57:15.492 assertion failed: path: $, actual: [], expected: [{"deviceName":"Windows","deviceId":"MDA6MDU6MTY6NTk6ZjE6NjM%3D","expirationDate":"2020-01-25T13:02:17Z","creationDate":"2019-10-25T13:02:18Z","browserName":"Chrome"}], reason: actual and expected arrays are not the same size - 0:1
en","message":"Application key is not allowed to call this resource method"}
g.xappkey = '2251d8c0a94601364c54000d3ac06d76'
        config.password =  '@Nowauto'
        config.document = '46168907734'
        config.username = '46168907734'
        config.partneraccountkey = 'WmZq4t7w!z%C&F)J'
        config.partneraccount = 'NETAPPNOVO'
        config.contractnumber = '112778101'
        config.contractnumberuno = '200011019'
        config.city = '05509'
        config.operatorcode = '003'
        config.node = 'F107'
        config.codimovel = '366130821'
        config.product = 'VIRTUA 35M EXCL BASE UP BLIND FID'
        config.mac = 'BC644BBFCE92'
        config.userinfouno = 'ahLJVg2FzLA5R1tdLjWPtUmrgA9EZ49dHQQ9vY4FZZxfc4yre7zj+I+o4cMHwZIjVNxt52rONNv3NN7rXy52+0qKmuMrAdzL1pzE6wZ/+iPOaFJ3g4AOLvCBj0CfWRiVCuOIicFgFxAzodCnpbNVJiMkNJ6Lv50eD1rRZxVZiAE81LM3QojETG8j1vnANHgFHvBFG8GjqSewkWa3UH5NJSe5cpGpNg6PKhnxzihIei31A2PzLo1yZo391gTqetQaZOVF3x2L0QuvhbnmnnX47Ki/my0p5XG9RdMqb6M7bi2Ft0Lg9ZDTvJGGKBUfpVbvUe/+6ahDLIKw6ReFRI57EBw+zZmdPNWDye6NFwVLVG6Mk1iNNpCe62gin2OPIWm370l9lo35foABDe2WSz1g614dQdLXZ7DJ13AgTtcTOJM83T8NJaZG1miQ41qD7ZjfcX0IYZU7HqJs8jDYFvFuiCKkpOGvE24cGnEazUAzUno='
        break;
    case 'qa':
        config.authenticationUrl = 'https://qa-gw.claro.com.br/authentication/v1/'
        config.franchiseUrl = 'https://qa-gw.claro.com.br/usage-consumption/v1/broadband-cap/routers/'
        config.ombudsmanUrl = 'https://qa-gw.claro.com.br/trouble-ticket/v1/'
        config.inventoryUrl = 'https://qa-gw.claro.com.br/resource-inventory/v1/'
        config.piracyUrl = 'https://claro.dev.gateway.zup.me/notification/v1/'
        config.userUrl = 'https://qa-gw.claro.com.br/user/v1/'
        config.financialUrl = 'https://qa-gw.claro.com.br/financial/v1/'
        config.financialzupUrl = 'https://claro.gateway.zup.me/financial/v1/'
        config.technicianzupUrl = 'https://claro.gateway.zup.me/technician/v1/'
        config.technicianUrl = 'https://qa-gw.claro.com.br/technician/v1/'
        config.technicianv2Url = 'https://qa-gw.claro.com.br/technician/v2/'
        config.securityUrl = 'https://qa-gw.claro.com.br/security/v1/'
        config.gwappkey = 'e9e24b40c78e013762d7000d3ac06d76'
        config.xappkey = '2251d8c0a94601364c54000d3ac06d76'
        config.password =  'Net.321'
        config.document = '36512468848'
        config.username = '36512468848'
        config.partneraccountkey = 'WmZq4t7w!z%C&F)J'
        config.partneraccount = 'NETAPPNOVO'
        config.contractnumber = '019181308'
        config.contractnumberuno = '200011019'
        config.city = '05509'
        config.operatorcode = '052'
        config.node = 'F107'
        config.codimovel = '366130821'
        config.product = 'VIRTUA 35M EXCL BASE UP BLIND FID'
        config.mac = '6CB56B7C5586'
        config.userinfouno = 'ahLJVg2FzLA5R1tdLjWPtUmrgA9EZ49dHQQ9vY4FZZxfc4yre7zj+I+o4cMHwZIjVNxt52rONNv3NN7rXy52+0qKmuMrAdzL1pzE6wZ/+iPOaFJ3g4AOLvCBj0CfWRiVCuOIicFgFxAzodCnpbNVJiMkNJ6Lv50eD1rRZxVZiAE81LM3QojETG8j1vnANHgFHvBFG8GjqSewkWa3UH5NJSe5cpGpNg6PKhnxzihIei31A2PzLo1yZo391gTqetQaZOVF3x2L0QuvhbnmnnX47Ki/my0p5XG9RdMqb6M7bi2Ft0Lg9ZDTvJGGKBUfpVbvUe/+6ahDLIKw6ReFRI57EBw+zZmdPNWDye6NFwVLVG6Mk1iNNpCe62gin2OPIWm370l9lo35foABDe2WSz1g614dQdLXZ7DJ13AgTtcTOJM83T8NJaZG1miQ41qD7ZjfcX0IYZU7HqJs8jDYFvFuiCKkpOGvE24cGnEazUAzUno='
        break;
     case 'prod':
        config.authenticationUrl = 'https://prd-gw.claro.com.br/authentication/v1/'
        config.franchiseUrl = 'https://prd-gw.claro.com.br/usage-consumption/v1/broadband-cap/routers/'
        config.ombudsmanUrl = 'https://prd-gw.claro.com.br/trouble-ticket/v1/'
        config.inventoryUrl = 'https://prd-gw.claro.com.br/resource-inventory/v1/
        config.userUrl = 'https://prd-gw.claro.com.br/user/v1/'
        config.financialUrl = 'https://prd-gw.claro.com.br/financial/v1/'
        config.financialzupUrl = 'https://claro.gateway.zup.me/financial/v1/'
        config.technicianzupUrl = 'https://claro.gateway.zup.me/technician/v1/'
        config.technicianUrl = 'https://prd-gw.claro.com.br/technician/v1/'
        config.technicianv2Url = 'https://prd-gw.claro.com.br/technician/v2/'
        config.securityUrl = 'https://prd-gw.claro.com.br/security/v1/'
        config.gwappkey = '2251d8c0a94601364c54000d3ac06d76'
        config.xappkey = '2251d8c0a94601364c54000d3ac06d76'
        config.password =  'Net.321'
        config.document = '36512468848'
        config.username = '36512468848'
        config.partneraccountkey = 'WmZq4t7w!z%C&F)J'
        config.partneraccount = 'NETAPPNOVO'
        config.contractnumber = '019181308'
        config.contractnumberuno = '200011019'
        config.city = '05509'
        config.operatorcode = '052'
        config.node = 'F107'
        config.codimovel = '366130821'
        config.product = 'VIRTUA 35M EXCL BASE UP BLIND FID'
        config.mac = '6CB56B7C5586'
        config.userinfouno = 'ahLJVg2FzLA5R1tdLjWPtUmrgA9EZ49dHQQ9vY4FZZxfc4yre7zj+I+o4cMHwZIjVNxt52rONNv3NN7rXy52+0qKmuMrAdzL1pzE6wZ/+iPOaFJ3g4AOLvCBj0CfWRiVCuOIicFgFxAzodCnpbNVJiMkNJ6Lv50eD1rRZxVZiAE81LM3QojETG8j1vnANHgFHvBFG8GjqSewkWa3UH5NJSe5cpGpNg6PKhnxzihIei31A2PzLo1yZo391gTqetQaZOVF3x2L0QuvhbnmnnX47Ki/my0p5XG9RdMqb6M7bi2Ft0Lg9ZDTvJGGKBUfpVbvUe/+6ahDLIKw6ReFRI57EBw+zZmdPNWDye6NFwVLVG6Mk1iNNpCe62gin2OPIWm370l9lo35foABDe2WSz1g614dQdLXZ7DJ13AgTtcTOJM83T8NJaZG1miQ41qD7ZjfcX0IYZU7HqJs8jDYFvFuiCKkpOGvE24cGnEazUAzUno='
        break;
  }
  karate.configure('connectTimeout', 120000);
  karate.configure('readTimeout', 120000);

  return config;
}, <eval>:19:81 Missing close quote
        config.inventoryUrl = 'https://dev-gw.claro.com.br/resource-inventory/v1/
                                                                                 ^ in <eval> at line number 19 at column number 81
