10:22:59.582 >> lock acquired, begin callonce: read('../../claroApp/authentication/signin.feature@login')
10:23:00.850 << lock released, cached callonce: read('../../claroApp/authentication/signin.feature@login')
10:23:00.870 request:
1 > POST https://qa-gw.claro.com.br/resource-order-portability/v1/phone-address
1 > Accept-Encoding: gzip,deflate
1 > Authorization: Bearer e9f6581529bc12a0@003349338695
1 > Connection: Keep-Alive
1 > Content-Length: 281
1 > Content-Type: application/json; charset=UTF-8
1 > Host: qa-gw.claro.com.br
1 > User-Agent: Apache-HttpClient/4.5.5 (Java/11.0.2)
1 > X-Application-Key: e9e24b40c78e013762d7000d3ac06d76
1 > origin: API
{"mobileOperatorIdentifier":"","cellphoneNumber":"","netPhoneNumber":"","isHolder":true,"clientIP":"","clientEmail":"","clientName":"","clientAddress":"","clientPostalCode":"","clientNeighborhood":"","clientState":"","clientCity":"","requestURI":"a","username":"Teste","cityId":81}

10:23:01.873 response time in milliseconds: 997,87
1 < 400
1 < Access-Control-Allow-Origin: *
1 < Content-Type: application/json; charset=utf-8
1 < Server: ECD (spb/E563)
1 < Transfer-Encoding: chunked
1 < X-Policy: 200205-02
1 < cache-control: no-store, max-age=0
1 < date: Tue, 11 Feb 2020 12:23:01 GMT
1 < strict-transport-security: max-age=63072000; includeSubDomains
1 < vary: accept-encoding
1 < x-content-type-options: nosniff
1 < x-download-options: noopen
1 < x-frame-options: DENY
1 < x-request-id: 874d66cc4763ffa3f9af98f37c0878f1d6846e2b12fbdd104284216f82d8d7c7
1 < x-xss-protection: 1; mode=block
{"statusCode":"400","status":"Bad Request","description":"clientState: Parâmetro ausente ou fora do padrão!"}

10:23:01.878 assertion failed: path: $.description, actual: 'clientState: Parâmetro ausente ou fora do padrão!', expected: 'mobileOperatorIdentifier: Parâmetro ausente ou fora do padrão!', reason: not equal
drão!', reason: not equal
