14:20:09.052 >> lock acquired, begin callonce: read('../../claroApp/authentication/signin.feature@login')
14:20:11.187 << lock released, cached callonce: read('../../claroApp/authentication/signin.feature@login')
14:20:11.209 request:
1 > POST https://qa-gw.claro.com.br/resource-order-portability/v1/phone-address
1 > Accept-Encoding: gzip,deflate
1 > Authorization: Bearer a7a37561cc7307ef@003349338695
1 > Connection: Keep-Alive
1 > Content-Length: 374
1 > Content-Type: application/json; charset=UTF-8
1 > Host: qa-gw.claro.com.br
1 > User-Agent: Apache-HttpClient/4.5.5 (Java/11.0.2)
1 > X-Application-Key: e9e24b40c78e013762d7000d3ac06d76
1 > origin: API
{"mobileOperatorIdentifier":81,"cellphoneNumber":11970707171,"netPhoneNumber":11970707172,"isHolder":true,"clientIP":"192.0.0.1","clientEmail":"teste@teste.com","clientName":"Name Test","clientAddress":"Rua Teste","clientPostalCode":"13000000","clientNeighborhood":"Bairro Teste","clientState":"SP","clientCity":"São Paulo","requestURI":"a","username":"Tester","cityId":81}

14:20:14.267 response time in milliseconds: 3056,12
1 < 200
1 < Access-Control-Allow-Origin: *
1 < Content-Type: application/json; charset=utf-8
1 < Server: ECD (spb/E563)
1 < Transfer-Encoding: chunked
1 < X-Policy: 200205-02
1 < cache-control: no-store, max-age=0
1 < date: Tue, 11 Feb 2020 16:20:13 GMT
1 < strict-transport-security: max-age=63072000; includeSubDomains
1 < vary: accept-encoding
1 < x-content-type-options: nosniff
1 < x-download-options: noopen
1 < x-frame-options: DENY
1 < x-request-id: 872640ccc6f02c928e8640a2bb69fcf939b7a998de9efae3254a070b4ec69dbb
1 < x-xss-protection: 1; mode=block
{"protocolNumber":"003204431378194"}

t","description":"requestURI: Parâmetro ausente ou fora do padrão!"}

18:35:44.740 status code was: 400, expected: 200, response time: 916, url: https://qa-gw.claro.com.br/resource-order-portability/v1/phone-address, response: {"statusCode":"400","status":"Bad Request","description":"requestURI: Parâmetro ausente ou fora do padrão!"}
