10:29:05.200 >> lock acquired, begin callonce: read('../../claroApp/authentication/signin.feature@login')
10:29:06.799 << lock released, cached callonce: read('../../claroApp/authentication/signin.feature@login')
10:29:06.820 request:
1 > POST https://qa-gw.claro.com.br/resource-order-portability/v1/phone-address
1 > Accept-Encoding: gzip,deflate
1 > Authorization: Bearer 72f054f12010cedc@003349338695
1 > Connection: Keep-Alive
1 > Content-Length: 301
1 > Content-Type: application/json; charset=UTF-8
1 > Host: qa-gw.claro.com.br
1 > User-Agent: Apache-HttpClient/4.5.5 (Java/11.0.2)
1 > X-Application-Key: e9e24b40c78e013762d7000d3ac06d76
1 > origin: API
{"mobileOperatorIdentifier":81,"cellphoneNumber":"","netPhoneNumber":11910101010,"isHolder":true,"clientIP":"192.0.0.1","clientEmail":"","clientName":"","clientAddress":"","clientPostalCode":"","clientNeighborhood":"","clientState":"SP","clientCity":"","requestURI":"a","username":"Teste","cityId":81}

10:29:07.765 response time in milliseconds: 939,67
1 < 400
1 < Access-Control-Allow-Origin: *
1 < Content-Type: application/json; charset=utf-8
1 < Server: ECD (spb/E563)
1 < Transfer-Encoding: chunked
1 < X-Policy: 200205-02
1 < cache-control: no-store, max-age=0
1 < date: Tue, 11 Feb 2020 12:29:07 GMT
1 < strict-transport-security: max-age=63072000; includeSubDomains
1 < vary: accept-encoding
1 < x-content-type-options: nosniff
1 < x-download-options: noopen
1 < x-frame-options: DENY
1 < x-request-id: e2aa1401bcfa9c8fc7f56b51133ae2220e7189bb976c339bc68fb77f63f0ae60
1 < x-xss-protection: 1; mode=block
{"statusCode":"400","status":"Bad Request","description":"clientPostalCode: Parâmetro ausente ou fora do padrão!"}

10:29:07.768 assertion failed: path: $.description, actual: 'clientPostalCode: Parâmetro ausente ou fora do padrão!', expected: 'requestURI: Parâmetro ausente ou fora do padrão!', reason: not equal
