10:37:38.356 >> lock acquired, begin callonce: read('../../claroApp/authentication/signin.feature@login')
10:37:39.672 << lock released, cached callonce: read('../../claroApp/authentication/signin.feature@login')
10:37:39.690 request:
1 > POST https://qa-gw.claro.com.br/resource-order-portability/v1/phone-address
1 > Accept-Encoding: gzip,deflate
1 > Authorization: Bearer 8b2f4c96421b8197@003349338695
1 > Connection: Keep-Alive
1 > Content-Length: 336
1 > Content-Type: application/json; charset=UTF-8
1 > Host: qa-gw.claro.com.br
1 > User-Agent: Apache-HttpClient/4.5.5 (Java/11.0.2)
1 > X-Application-Key: e9e24b40c78e013762d7000d3ac06d76
1 > origin: API
{"mobileOperatorIdentifier":81,"cellphoneNumber":11990101010,"netPhoneNumber":11910101010,"isHolder":true,"clientIP":"192.0.0.1","clientEmail":"","clientName":"","clientAddress":"Rua rua","clientPostalCode":"13333-111","clientNeighborhood":"","clientState":"SP","clientCity":"São Paulo","requestURI":"a","username":"Teste","cityId":81}

10:37:40.784 response time in milliseconds: 1091,96
1 < 400
1 < Access-Control-Allow-Origin: *
1 < Content-Type: application/json; charset=utf-8
1 < Server: ECD (spb/E563)
1 < Transfer-Encoding: chunked
1 < X-Policy: 200205-02
1 < cache-control: no-store, max-age=0
1 < date: Tue, 11 Feb 2020 12:37:40 GMT
1 < strict-transport-security: max-age=63072000; includeSubDomains
1 < vary: accept-encoding
1 < x-content-type-options: nosniff
1 < x-download-options: noopen
1 < x-frame-options: DENY
1 < x-request-id: 2f45f04d8d5b92252b04244228b255d707b32eb4c8b552dbde2fa32b939a676f
1 < x-xss-protection: 1; mode=block
{"statusCode":"400","status":"Bad Request","description":"clientName: Parâmetro ausente ou fora do padrão!"}

10:37:40.785 assertion failed: path: $.description, actual: 'clientName: Parâmetro ausente ou fora do padrão!', expected: 'clientCity: Parâmetro ausente ou fora do padrão!', reason: not equal
