11:33:40.375 this thread waited 2044 milliseconds for callonce lock: read('../../claroApp/authentication/signin.feature@login')
11:33:40.407 request:
1 > GET https://qa-gw.claro.com.br/resource-inventory/v1/device-management
1 > Accept-Encoding: gzip,deflate
1 > Authorization: Bearer 54e2df99833ad117
1 > Connection: Keep-Alive
1 > Host: qa-gw.claro.com.br
1 > User-Agent: Apache-HttpClient/4.5.5 (Java/11.0.2)
1 > X-Application-Key: auhdaiuhdaiuhds
1 > document: 36512468848

11:33:40.599 response time in milliseconds: 141,46
1 < 403
1 < Access-Control-Allow-Origin: *
1 < Content-Type: application/json; charset=utf-8
1 < Date: Mon, 10 Feb 2020 13:33:40 GMT
1 < Server: ECD (spb/E4A2)
1 < Transfer-Encoding: chunked
1 < X-Policy: 200205-02
1 < cache-control: no-store, max-age=0
1 < strict-transport-security: max-age=63072000; includeSubDomains
1 < vary: accept-encoding
1 < x-content-type-options: nosniff
1 < x-download-options: noopen
1 < x-frame-options: DENY
1 < x-request-id: 89428bc9c9a465c8ebc76b6627d8cb0fcfd2097711145d11558a40bb14854ed2
1 < x-xss-protection: 1; mode=block
{"statusCode":403,"error":"Forbidden","message":"Application key is not allowed to call this resource method"}

