11:34:27.855 >> lock acquired, begin callonce: read('../../claroApp/authentication/signin.feature@login')
11:34:29.165 << lock released, cached callonce: read('../../claroApp/authentication/signin.feature@login')
11:34:29.186 request:
1 > GET https://qa-gw.claro.com.br/resource-inventory/v1/device-management
1 > Accept-Encoding: gzip,deflate
1 > Authorization: Bearer 7afbba94dc9848fd
1 > Connection: Keep-Alive
1 > Host: qa-gw.claro.com.br
1 > User-Agent: Apache-HttpClient/4.5.5 (Java/11.0.2)
1 > X-Application-Key: 2251d8c0a94601364c54000d3ac06d76
1 > document: adasdasdasdassdsa

11:34:30.971 response time in milliseconds: 1780,92
1 < 200
1 < Access-Control-Allow-Origin: *
1 < Content-Type: application/json;charset=utf-8
1 < Server: ECD (spb/E4A2)
1 < Transfer-Encoding: chunked
1 < X-Policy: 200205-02
1 < cache-control: no-store, max-age=0
1 < date: Mon, 10 Feb 2020 13:34:30 GMT
1 < strict-transport-security: max-age=63072000; includeSubDomains
1 < vary: accept-encoding
1 < x-content-type-options: nosniff
1 < x-download-options: noopen
1 < x-frame-options: DENY
1 < x-request-id: b5b3270bed285b6f11e2e86bb2be3f01dd7cb58fae5a6d99c1af978de67ece5b
1 < x-xss-protection: 1; mode=block
[]

11:34:30.973 status code was: 200, expected: 404, response time: 1781, url: https://qa-gw.claro.com.br/resource-inventory/v1/device-management, response: []
