12:41:45.671 >> lock acquired, begin callonce: read('../../claroApp/authentication/signin.feature@login')
12:41:53.165 << lock released, cached callonce: read('../../claroApp/authentication/signin.feature@login')
12:41:53.181 request:
1 > PUT https://qa-gw.claro.com.br/resource-inventory/v1/device-management
1 > Accept-Encoding: gzip,deflate
1 > Authorization: Bearer 8258a6f3366821e6
1 > Connection: Keep-Alive
1 > Content-Length: 64
1 > Content-Type: application/json; charset=UTF-8
1 > Host: qa-gw.claro.com.br
1 > User-Agent: Apache-HttpClient/4.5.5 (Java/11.0.2)
1 > X-Application-Key: 2251d8c0a94601364c54000d3ac06d76
1 > document: 36512468848
{"deviceId":"MDA6MDU6MTY6NTk6ZjE6NjM%3D","deviceName":"Windows"}

12:41:54.138 response time in milliseconds: 950,59
1 < 405
1 < Access-Control-Allow-Origin: *
1 < Content-Type: application/json;charset=utf-8
1 < Server: ECD (spb/E4A2)
1 < Transfer-Encoding: chunked
1 < X-Policy: 200205-02
1 < allow: PATCH, GET
1 < cache-control: no-store, max-age=0
1 < date: Mon, 10 Feb 2020 14:41:54 GMT
1 < strict-transport-security: max-age=63072000; includeSubDomains
1 < vary: accept-encoding
1 < x-content-type-options: nosniff
1 < x-download-options: noopen
1 < x-frame-options: DENY
1 < x-request-id: 5cbe5ba98df16889c251eb345c44a8097b50948fc87bfd0d233a0d3a49a1589c
1 < x-xss-protection: 1; mode=block
{"statusCode":"405","status":"Method Not Allowed","description":"Request method 'PUT' not supported"}

12:41:54.139 status code was: 405, expected: 204, response time: 951, url: https://qa-gw.claro.com.br/resource-inventory/v1/device-management, response: {"statusCode":"405","status":"Method Not Allowed","description":"Request method 'PUT' not supported"}
