14:44:12.328 >> lock acquired, begin callonce: read('../../claroApp/authentication/signin.feature@login')
14:44:13.468 << lock released, cached callonce: read('../../claroApp/authentication/signin.feature@login')
14:44:13.485 request:
1 > DELETE https://qa-gw.claro.com.br/resource-inventory/v1/device-management/ZDA6YzU6ZjM6NGU6OGY6OTU=
1 > Accept-Encoding: gzip,deflate
1 > Authorization: Bearer 66b2f220dae8a9bd
1 > Connection: Keep-Alive
1 > Host: qa-gw.claro.com.br
1 > User-Agent: Apache-HttpClient/4.5.5 (Java/11.0.2)
1 > X-Application-Key: 2251d8c0a94601364c54000d3ac06d76
1 > document: adasdasdasdassdsa

14:44:15.540 response time in milliseconds: 2054,61
1 < 204
1 < Access-Control-Allow-Origin: *
1 < Content-Type: application/octet-stream
1 < Server: ECD (spb/E516)
1 < X-Policy: 200127-02
1 < cache-control: no-store, max-age=0
1 < date: Mon, 27 Jan 2020 16:44:13 GMT
1 < strict-transport-security: max-age=63072000; includeSubDomains
1 < x-content-type-options: nosniff
1 < x-download-options: noopen
1 < x-frame-options: DENY
1 < x-request-id: 42246760d935a0cc28affbccde4238e788c50c05b96d748ca8c8c4fe6a32631a
1 < x-xss-protection: 1; mode=block

14:44:15.541 status code was: 204, expected: 404, response time: 2055, url: https://qa-gw.claro.com.br/resource-inventory/v1/device-management/ZDA6YzU6ZjM6NGU6OGY6OTU=, response: 
e time: 56, url: https://qa-gw.claro.com.br/resource-inventory/v1/device-management, response: {"statusCode":405,"error":"Method Not Allowed","message":"Resource Method not found"}
