14:45:54.203 >> lock acquired, begin callonce: read('../../claroApp/authentication/signin.feature@login')
14:45:55.412 << lock released, cached callonce: read('../../claroApp/authentication/signin.feature@login')
14:45:55.429 request:
1 > DELETE https://qa-gw.claro.com.br/resource-inventory/v1/device-management/ZDA6YzU6ZjM6NGU6OGY6OTU=
1 > Accept-Encoding: gzip,deflate
1 > Authorization: Bearer aaaaa
1 > Connection: Keep-Alive
1 > Host: qa-gw.claro.com.br
1 > User-Agent: Apache-HttpClient/4.5.5 (Java/11.0.2)
1 > X-Application-Key: 2251d8c0a94601364c54000d3ac06d76

14:45:55.853 response time in milliseconds: 379,11
1 < 401
1 < Access-Control-Allow-Origin: *
1 < Content-Type: application/json; charset=utf-8
1 < Date: Mon, 27 Jan 2020 16:45:54 GMT
1 < Server: ECD (spb/E516)
1 < Transfer-Encoding: chunked
1 < X-Policy: 200127-02
1 < cache-control: no-store, max-age=0
1 < strict-transport-security: max-age=63072000; includeSubDomains
1 < vary: accept-encoding
1 < www-authenticate: Third Party OAuth error="Bad Response From Token Introspection Endpoint"
1 < x-content-type-options: nosniff
1 < x-download-options: noopen
1 < x-frame-options: DENY
1 < x-request-id: 550d4e3df887c54cc5f01b851487d015ea03ab6cc163e7916c659def3519b24f
1 < x-xss-protection: 1; mode=block
{"statusCode":401,"error":"Unauthorized","message":"Bad Response From Token Introspection Endpoint","attributes":{"error":"Bad Response From Token Introspection Endpoint"}}

