10:35:43.014 >> lock acquired, begin callonce: read('../../claroApp/authentication/signin.feature@login')
10:35:44.591 << lock released, cached callonce: read('../../claroApp/authentication/signin.feature@login')
10:35:44.619 request:
1 > POST https://qa-gw.claro.com.br/resource-order-portability/v1/phone-address
1 > Accept-Encoding: gzip,deflate
1 > Authorization: Bearer d9a9d16eab515607@003349338695
1 > Connection: Keep-Alive
1 > Content-Length: 326
1 > Content-Type: application/json; charset=UTF-8
1 > Host: qa-gw.claro.com.br
1 > User-Agent: Apache-HttpClient/4.5.5 (Java/11.0.2)
1 > X-Application-Key: e9e24b40c78e013762d7000d3ac06d76
1 > origin: API
{"mobileOperatorIdentifier":81,"cellphoneNumber":11990101010,"netPhoneNumber":11910101010,"isHolder":true,"clientIP":"192.0.0.1","clientEmail":"","clientName":"","clientAddress":"Rua rua","clientPostalCode":"13333-111","clientNeighborhood":"","clientState":"SP","clientCity":"","requestURI":"a","username":"Teste","cityId":81}

10:35:45.651 response time in milliseconds: 1028,60
1 < 400
1 < Access-Control-Allow-Origin: *
1 < Content-Type: application/json; charset=utf-8
1 < Server: ECD (spb/E563)
1 < Transfer-Encoding: chunked
1 < X-Policy: 200205-02
1 < cache-control: no-store, max-age=0
1 < date: Tue, 11 Feb 2020 12:35:45 GMT
1 < strict-transport-security: max-age=63072000; includeSubDomains
1 < vary: accept-encoding
1 < x-content-type-options: nosniff
1 < x-download-options: noopen
1 < x-frame-options: DENY
1 < x-request-id: 9bbf768c651d630a3be8bfb084c0eeba1f2c9b05ec2c5442a367ddc5849894d2
1 < x-xss-protection: 1; mode=block
{"statusCode":"400","status":"Bad Request","description":"clientCity: Parâmetro ausente ou fora do padrão!"}

10:35:45.654 assertion failed: path: $.description, actual: 'clientCity: Parâmetro ausente ou fora do padrão!', expected: 'cityId: Parâmetro ausente ou fora do padrão!', reason: not equal
request-id: 5741a259448cdf53f3d77ba9e0a4f369538b8be805c7da59eab31fd93060a679
1 < x-xss-protection: 1; mode=block
{"statusCode":"500","status":"Internal Server Error","description":"could not execute statement; nested exception is org.hibernate.exception.GenericJDBCException: could not execute statement"}

09:47:53.508 status code was: 500, expected: 400, response time: 4711, url: https://qa-gw.claro.com.br/resource-order-portability/v1/phone, response: {"statusCode":"500","status":"Internal Server Error","description":"could not execute statement; nested exception is org.hibernate.exception.GenericJDBCException: could not execute statement"}
