11:18:49.579 >> lock acquired, begin callonce: read('../../claroApp/authentication/signin.feature@login')
11:18:50.829 << lock released, cached callonce: read('../../claroApp/authentication/signin.feature@login')
11:18:50.843 request:
1 > POST https://qa-gw.claro.com.br/resource-order-portability/v1/phone-address
1 > Accept-Encoding: gzip,deflate
1 > Authorization: Bearer bf6befa5a2bacc89@003349338695
1 > Connection: Keep-Alive
1 > Content-Length: 1385
1 > Content-Type: application/json; charset=UTF-8
1 > Host: qa-gw.claro.com.br
1 > User-Agent: Apache-HttpClient/4.5.5 (Java/11.0.2)
1 > X-Application-Key: e9e24b40c78e013762d7000d3ac06d76
1 > origin: API
{"mobileOperatorIdentifier":81,"cellphoneNumber":11990101010,"netPhoneNumber":11910101010,"isHolder":true,"clientIP":"192.0.0.1","clientEmail":"teste@teste.com","clientName":"Teste Name asiuhsaiuhsa iuhsaiuhsauhsauh asiuhsaiuhsa iuhsaiuhsauhsauh sauhsaiuhsaiuh uasihisuahi sahsah iuash sahisa uasihisuahi sahsah iuash sahisa","clientAddress":"Rua ruaasiuhsaiuhsa iuhsaiuhsauhsauh asiuhsaiuhsa iuhsaiuhsauhsauh sauhsaiuhsaiuh uasihisuahi sahsah iuash sahisa uasihisuahi sahsah iuash sahisa","clientPostalCode":"13333-111827398321798213782179821983217982719831279","clientNeighborhood":"Bairroasiuhsaiuhsa iuhsaiuhsauhsauh asiuhsaiuhsa iuhsaiuhsauhsauh sauhsaiuhsaiuh uasihisuahi sahsah iuash sahisa uasihisuahi sahsah iuash sahisa","clientState":"SPasiuhsaiuhsa iuhsaiuhsauhsauh sauhsaiuhsaiuh asiuhsaiuhsa iuhsaiuhsauhsauh sauhsaiuhsaiuh uasihisuahi sahsah iuash sahisa sahsah iuash sahisa","clientCity":"São Pauloasiuhsaiuhsa iuhsaiuhsauhsauh asiuhsaiuhsa iuhsaiuhsauhsauh sauhsaiuhsaiuh uasihisuahi sahsah iuash sahisa uasihisuahi sahsah iuash sahisa","requestURI":"aasiuhsaiuhsa iuhsaiuhsauhsauh sauhsaiuhsaiuh asiuhsaiuhsa iuhsaiuhsauhsauh sauhsaiuhsaiuh uasihisuahi sahsah iuash sahisa sahsah iuash sahisa","username":"Testeasiuhsaiuhsa iuhsaiuhsauhsauh sauhsaiuhsaiuh asiuhsaiuhsa iuhsaiuhsauhsauh sauhsaiuhsaiuh uasihisuahi sahsah iuash sahisa sahsah iuash sahisa","cityId":81}

11:18:53.929 response time in milliseconds: 3082,69
1 < 500
1 < Access-Control-Allow-Origin: *
1 < Content-Type: application/json; charset=utf-8
1 < Server: ECD (spb/E563)
1 < Transfer-Encoding: chunked
1 < X-Policy: 200205-02
1 < cache-control: no-store, max-age=0
1 < date: Tue, 11 Feb 2020 13:18:53 GMT
1 < strict-transport-security: max-age=63072000; includeSubDomains
1 < vary: accept-encoding
1 < x-content-type-options: nosniff
1 < x-download-options: noopen
1 < x-frame-options: DENY
1 < x-request-id: eed37a617631bd8432d482c2aefa7e5c62b1790ccc60b0671d4927bcccb88811
1 < x-xss-protection: 1; mode=block
{"statusCode":"500","status":"Internal Server Error","description":"could not execute statement; nested exception is org.hibernate.exception.GenericJDBCException: could not execute statement"}

11:18:53.930 status code was: 500, expected: 400, response time: 3083, url: https://qa-gw.claro.com.br/resource-order-portability/v1/phone-address, response: {"statusCode":"500","status":"Internal Server Error","description":"could not execute statement; nested exception is org.hibernate.exception.GenericJDBCException: could not execute statement"}
