11:34:57.797 >> lock acquired, begin callonce: read('../../claroApp/authentication/signin.feature@login')
11:34:59.135 << lock released, cached callonce: read('../../claroApp/authentication/signin.feature@login')
11:34:59.152 request:
1 > POST https://qa-gw.claro.com.br/resource-order-portability/v1/phone
1 > Accept-Encoding: gzip,deflate
1 > Authorization: Bearer b99fa29345493f0d@003
1 > Connection: Keep-Alive
1 > Content-Length: 261
1 > Content-Type: application/json; charset=UTF-8
1 > Host: qa-gw.claro.com.br
1 > User-Agent: Apache-HttpClient/4.5.5 (Java/11.0.2)
1 > X-Application-Key: e9e24b40c78e013762d7000d3ac06d76
1 > origin: API
{"mobileOperatorIdentifier":81,"cellphoneNumber":11970707171,"netPhoneNumber":11970707172,"isHolder":true,"clientIP":"192.0.0.1","clientEmail":"teste@teste.com","clientName":"Name Test","requestURI":"a","username":"Tester","cityId":9999999999999999999999999999}

11:34:59.411 response time in milliseconds: 215,22
1 < 401
1 < Access-Control-Allow-Origin: *
1 < Content-Type: application/json; charset=utf-8
1 < Date: Tue, 11 Feb 2020 13:34:58 GMT
1 < Server: ECD (spb/E516)
1 < Transfer-Encoding: chunked
1 < X-Policy: 200205-02
1 < cache-control: no-store, max-age=0
1 < strict-transport-security: max-age=63072000; includeSubDomains
1 < vary: accept-encoding
1 < www-authenticate: Third Party OAuth error="Bad Response From Token Introspection Endpoint"
1 < x-content-type-options: nosniff
1 < x-download-options: noopen
1 < x-frame-options: DENY
1 < x-request-id: 813eca47b7fe92c2e3da7a454540954b1b534c3b328b656e5fd56b727f28fbcc
1 < x-xss-protection: 1; mode=block
{"statusCode":401,"error":"Unauthorized","message":"Bad Response From Token Introspection Endpoint","attributes":{"error":"Bad Response From Token Introspection Endpoint"}}

11:34:59.415 assertion failed: path: $, actual: {statusCode=401, error=Unauthorized, message=Bad Response From Token Introspection Endpoint, attributes={error=Bad Response From Token Introspection Endpoint}}, expected: {statusCode=401, error=Forbidden, message=Application key is not allowed to call this resource method}, reason: actual value has 1 more key(s) than expected: {attributes={error=Bad Response From Token Introspection Endpoint}}
