10:58:49.427 >> lock acquired, begin callonce: read('../../claroApp/authentication/signin.feature@login')
10:58:50.726 << lock released, cached callonce: read('../../claroApp/authentication/signin.feature@login')
10:58:50.750 request:
1 > POST https://qa-gw.claro.com.br/resource-order-portability/v1/phone-address
1 > Accept-Encoding: gzip,deflate
1 > Authorization: Bearer 8dd0920cb8f2c860@003349338695
1 > Connection: Keep-Alive
1 > Content-Length: 370
1 > Content-Type: application/json; charset=UTF-8
1 > Host: qa-gw.claro.com.br
1 > User-Agent: Apache-HttpClient/4.5.5 (Java/11.0.2)
1 > X-Application-Key: e9e24b40c78e013762d7000d3ac06d76
1 > origin: API
{"mobileOperatorIdentifier":81,"cellphoneNumber":11990101010,"netPhoneNumber":11910101010,"isHolder":true,"clientIP":"192.0.0.1","clientEmail":"teste@teste.com","clientName":"Teste Name","clientAddress":"Rua rua","clientPostalCode":"13333-111","clientNeighborhood":"Bairro","clientState":"SP","clientCity":"São Paulo","requestURI":"a","username":"Teste","cityId":"aaa"}

10:58:52.062 response time in milliseconds: 1307,68
1 < 400
1 < Access-Control-Allow-Origin: *
1 < Content-Type: application/json; charset=utf-8
1 < Server: ECD (spb/E563)
1 < Transfer-Encoding: chunked
1 < X-Policy: 200205-02
1 < cache-control: no-store, max-age=0
1 < date: Tue, 11 Feb 2020 12:58:51 GMT
1 < strict-transport-security: max-age=63072000; includeSubDomains
1 < vary: accept-encoding
1 < x-content-type-options: nosniff
1 < x-download-options: noopen
1 < x-frame-options: DENY
1 < x-request-id: bd204bcaf1c563838daa396980b85b91036438d8b159cce76508ed93e1a5ffc0
1 < x-xss-protection: 1; mode=block
{"statusCode":"400","status":"Bad Request","description":"JSON parse error: Cannot deserialize value of type `java.lang.Long` from String \"aaa\": not a valid Long value; nested exception is com.fasterxml.jackson.databind.exc.InvalidFormatException: Cannot deserialize value of type `java.lang.Long` from String \"aaa\": not a valid Long value\n at [Source: (PushbackInputStream); line: 1, column: 365] (through reference chain: com.claro.ecare.api.portability.dto.RequestPhoneAddressPortabilityDTO[\"cityId\"])"}

10:58:52.067 assertion failed: path: $.description, actual: 'JSON parse error: Cannot deserialize value of type `java.lang.Long` from String "aaa": not a valid Long value; nested exception is com.fasterxml.jackson.databind.exc.InvalidFormatException: Cannot deserialize value of type `java.lang.Long` from String "aaa": not a valid Long value
 at [Source: (PushbackInputStream); line: 1, column: 365] (through reference chain: com.claro.ecare.api.portability.dto.RequestPhoneAddressPortabilityDTO["cityId"])', expected: 'clientNeighborhood: Parâmetro ausente ou fora do padrão!', reason: not equal
