13:23:48.391 request:
1 > GET https://dev-gw.claro.com.br/resource-order-portability/v1/mobile-operators
1 > Accept-Encoding: gzip,deflate
1 > Connection: Keep-Alive
1 > Host: dev-gw.claro.com.br
1 > User-Agent: Apache-HttpClient/4.5.5 (Java/11.0.2)
1 > X-Application-Key: e9e24b40c78e013762d7000d3ac06d76

13:23:50.079 response time in milliseconds: 1684,40
1 < 400
1 < Access-Control-Allow-Origin: *
1 < Content-Type: application/json; charset=utf-8
1 < Server: ECD (spb/E563)
1 < Transfer-Encoding: chunked
1 < X-Policy: 200205-02
1 < cache-control: no-store, max-age=0
1 < date: Mon, 10 Feb 2020 15:23:50 GMT
1 < strict-transport-security: max-age=15768000
1 < vary: accept-encoding
1 < x-content-type-options: nosniff
1 < x-download-options: noopen
1 < x-frame-options: DENY
1 < x-request-id: 52f65518477b79182929cb32118e1d6ed3f5832465aaaae6278b091099a8fc64
1 < x-xss-protection: 1; mode=block
{"statusCode":"400","status":"Bad Request","description":"Required Long parameter 'cityId' is not present"}

