14:48:16.479 >> lock acquired, begin callonce: read('../../claroApp/authentication/signin.feature@login')
14:48:17.676 << lock released, cached callonce: read('../../claroApp/authentication/signin.feature@login')
14:48:17.686 request:
1 > DELETE https://qa-gw.claro.com.br/resource-inventory/v1/device-management/
1 > Accept-Encoding: gzip,deflate
1 > Authorization: Bearer b25c93f95e8c3422
1 > Connection: Keep-Alive
1 > Host: qa-gw.claro.com.br
1 > User-Agent: Apache-HttpClient/4.5.5 (Java/11.0.2)
1 > X-Application-Key: 2251d8c0a94601364c54000d3ac06d76
1 > document: 36512468848

14:48:18.562 response time in milliseconds: 872,97
1 < 405
1 < Access-Control-Allow-Origin: *
1 < Content-Type: application/json;charset=utf-8
1 < Server: ECD (spb/E527)
1 < Transfer-Encoding: chunked
1 < X-Policy: 200127-02
1 < allow: PATCH, GET
1 < cache-control: no-store, max-age=0
1 < date: Mon, 27 Jan 2020 16:48:16 GMT
1 < strict-transport-security: max-age=63072000; includeSubDomains
1 < vary: accept-encoding
1 < x-content-type-options: nosniff
1 < x-download-options: noopen
1 < x-frame-options: DENY
1 < x-request-id: d799188c9cbc71e5f89545d5b7fabfcb9e9b4c7aa21dbb2593d1165fcb043d7b
1 < x-xss-protection: 1; mode=block
{"statusCode":"405","status":"Method Not Allowed","description":"Request method 'DELETE' not supported"}

14:48:18.564 status code was: 405, expected: 404, response time: 873, url: https://qa-gw.claro.com.br/resource-inventory/v1/device-management/, response: {"statusCode":"405","status":"Method Not Allowed","description":"Request method 'DELETE' not supported"}
