17:04:06.217 >> lock acquired, begin callonce: read('../../claroApp/authentication/signin.feature@login')
17:04:07.576 << lock released, cached callonce: read('../../claroApp/authentication/signin.feature@login')
17:04:07.589 request:
1 > POST https://qa-gw.claro.com.br/resource-order-portability/v1/phone
1 > Accept-Encoding: gzip,deflate
1 > Authorization: Bearer 38c698607c49a21@003349338695
1 > Connection: Keep-Alive
1 > Content-Length: 174
1 > Content-Type: application/json; charset=UTF-8
1 > Host: qa-gw.claro.com.br
1 > User-Agent: Apache-HttpClient/4.5.5 (Java/11.0.2)
1 > X-Application-Key: e9e24b40c78e013762d7000d3ac06d76
1 > origin: API
{"mobileOperatorIdentifier":"","cellphoneNumber":"","netPhoneNumber":"","isHolder":"","clientIP":"","clientEmail":"","clientName":"","requestURI":"","username":"","cityId":1}

17:04:09.465 response time in milliseconds: 1871,42
1 < 400
1 < Access-Control-Allow-Origin: *
1 < Content-Type: application/json; charset=utf-8
1 < Server: ECD (spb/E516)
1 < Transfer-Encoding: chunked
1 < X-Policy: 200205-02
1 < cache-control: no-store, max-age=0
1 < date: Mon, 10 Feb 2020 19:04:09 GMT
1 < strict-transport-security: max-age=63072000; includeSubDomains
1 < vary: accept-encoding
1 < x-content-type-options: nosniff
1 < x-download-options: noopen
1 < x-frame-options: DENY
1 < x-request-id: ce6ab0b60f2919267c54461a6e1988ebfbfd0fc1668fa55a969b080771aaf7a6
1 < x-xss-protection: 1; mode=block
{"statusCode":"400","status":"Bad Request","description":"clientName: Par창metro ausente ou fora do padr찾o!"}

17:04:09.472 status code was: 400, expected: 200, response time: 1871, url: https://qa-gw.claro.com.br/resource-order-portability/v1/phone, response: {"statusCode":"400","status":"Bad Request","description":"clientName: Par창metro ausente ou fora do padr찾o!"}
