13:32:06.861 scenario called at line: 14 by tag: @list
13:32:06.866 >> lock acquired, begin callonce: read('../../claroApp/authentication/signin.feature@login')
13:32:08.589 << lock released, cached callonce: read('../../claroApp/authentication/signin.feature@login')
13:32:08.629 request:
1 > GET https://qa-gw.claro.com.br/user/v1/contract
1 > Accept-Encoding: gzip,deflate
1 > Cache-Control: no-cache
1 > Connection: Keep-Alive
1 > Content-Type: application/json
1 > Host: qa-gw.claro.com.br
1 > User-Agent: Apache-HttpClient/4.5.5 (Java/11.0.2)
1 > gw-app-key: e9e24b40c78e013762d7000d3ac06d76
1 > userInfo: ahLJVg2FzLA5R1tdLjWPtT%2F%2BL8iS7oVlMYh7zFtL1QP8Jiop%2Fu%2FVCoWpX%2FSdKk4%2FgmkQlOsUbeWp9Psejj2acOP1EqIO1oCAbKpOiP7LPRkos4aZh7OjUZxOzR%2FZKm3w%2Fl%2FIgrit20XIJaIhQThy%2BWNgdC5kpf%2FVEdUj24aFS460b4BHlJPNfTqBzN9R6FtxM8vOVPg1RnxzE7yrLggDce%2FVbRCUUslK7AZOXItXGFnBO8EoIIVdhMMMT7qdzxHnS3kNGDmsbzgtJP6FhehF4Dtj1ylh8%2BdBWZqDoW8Tn5eUkrP6j%2BG%2Fg7hDrDmZr4Fk2DlFhmLUGqSrPZtNi0Dkv8OL9npsW8gwJdKnhfh%2BSEzaLhYK2f9E4DBNFf2fjMeGMd8gKDSi8vltEASobAWGoaA1uLoCuBnODCtJNzpJ6XyY%2BZAww2w%2FO0IGN05yaeRQ%2BYRvEEXG%2B94WCUqOUzyjObDED07LtOY2FW7U3SEQQffdRA04drupEXjPtKZPKCneyTYAXrznCPoC%2B7oQ8Tm%2Bszyan4BR4PdFKXpajuGMO%2BXyJf04QDKfnNXBQM5Ssu9bWFAJ2bFXoH8hOGs0eeTC5UFSMmWXIuTlp77HVpoA5wfSM7Y1DfUrutJoavSZVRLT2lSBYhXV4P7yVdaWs4roMVOpfuTaYCXNjxL5eCxngoXrQ7YLMfAsSy5EhLTd5MY1thKWa3%2FO9anxD%2BXFUuKOlLf1pilN4S0CUe6u9AIiWK99XPv8%2BxuHbIM0MncQqqi2IqSk4a8TbhwacRrNQDNSeg%3D%3D
1 > x-application-key: 2251d8c0a94601364c54000d3ac06d76

13:32:11.860 response time in milliseconds: 3225,94
1 < 200
1 < Access-Control-Allow-Origin: *
1 < Content-Type: application/json;charset=UTF-8
1 < Server: ECD (spb/E4A2)
1 < Transfer-Encoding: chunked
1 < X-Policy: 200205-02
1 < cache-control: no-store, max-age=0
1 < date: Wed, 12 Feb 2020 15:32:11 GMT
1 < strict-transport-security: max-age=63072000; includeSubDomains
1 < vary: accept-encoding
1 < x-content-type-options: nosniff
1 < x-download-options: noopen
1 < x-frame-options: DENY
1 < x-request-id: ac4fe9239da0f1f7a0b98cd69959dd9ed4831a65417916e6a4b81abb57c54e5a
1 < x-xss-protection: 1; mode=block
{"contracts":[{"contractNumber":"019181308","operatorCode":"052","addresses":[],"customerUno":false}]}

false}]}

