11:09:14.249 >> lock acquired, begin callonce: read('../../claroApp/authentication/signin.feature@login')
11:09:15.443 << lock released, cached callonce: read('../../claroApp/authentication/signin.feature@login')
11:09:15.453 request:
1 > GET https://qa-gw.claro.com.br/resource-inventory/v1/device-management
1 > Accept-Encoding: gzip,deflate
1 > Authorization: Bearer 9daad7b3ff19c946
1 > Connection: Keep-Alive
1 > Host: qa-gw.claro.com.br
1 > User-Agent: Apache-HttpClient/4.5.5 (Java/11.0.2)
1 > X-Application-Key: 2251d8c0a94601364c54000d3ac06d76

11:09:17.521 response time in milliseconds: 2064,86
1 < 200
1 < Access-Control-Allow-Origin: *
1 < Content-Type: application/json;charset=utf-8
1 < Server: ECD (spb/E4A2)
1 < Transfer-Encoding: chunked
1 < X-Policy: 200123-03
1 < cache-control: no-store, max-age=0
1 < date: Mon, 27 Jan 2020 13:09:15 GMT
1 < strict-transport-security: max-age=63072000; includeSubDomains
1 < vary: accept-encoding
1 < x-content-type-options: nosniff
1 < x-download-options: noopen
1 < x-frame-options: DENY
1 < x-request-id: 9273e43e3e45356af34757f8eee43b8f0b81dcc797ea508c2327da18edabbdad
1 < x-xss-protection: 1; mode=block
[]

11:09:17.522 status code was: 200, expected: 400, response time: 2065, url: https://qa-gw.claro.com.br/resource-inventory/v1/device-management, response: []
ment, response: []
