17:55:30.832 >> lock acquired, begin callonce: read('../../claroApp/authentication/signin.feature@login')
17:55:33.265 << lock released, cached callonce: read('../../claroApp/authentication/signin.feature@login')
17:55:33.283 request:
1 > POST https://qa-gw.claro.com.br/resource-order-portability/v1/phone
1 > Accept-Encoding: gzip,deflate
1 > Authorization: Bearer 989181f1bd218c1f@003349338695
1 > Connection: Keep-Alive
1 > Content-Length: 184
1 > Content-Type: application/json; charset=UTF-8
1 > Host: qa-gw.claro.com.br
1 > User-Agent: Apache-HttpClient/4.5.5 (Java/11.0.2)
1 > X-Application-Key: e9e24b40c78e013762d7000d3ac06d76
1 > origin: API
{"mobileOperatorIdentifier":"","cellphoneNumber":"","netPhoneNumber":"","isHolder":"","clientIP":"","clientEmail":"","clientName":"Teste Name","requestURI":"","username":"","cityId":1}

17:55:34.317 response time in milliseconds: 1029,43
1 < 400
1 < Access-Control-Allow-Origin: *
1 < Content-Type: application/json; charset=utf-8
1 < Server: ECD (spb/E516)
1 < Transfer-Encoding: chunked
1 < X-Policy: 200205-02
1 < cache-control: no-store, max-age=0
1 < date: Mon, 10 Feb 2020 19:55:34 GMT
1 < strict-transport-security: max-age=63072000; includeSubDomains
1 < vary: accept-encoding
1 < x-content-type-options: nosniff
1 < x-download-options: noopen
1 < x-frame-options: DENY
1 < x-request-id: 1ead663a92191170882b2903d123919c16e6e5bd6188542f0f17e6f5043344f3
1 < x-xss-protection: 1; mode=block
{"statusCode":"400","status":"Bad Request","description":"clientEmail: Par창metro ausente ou fora do padr찾o!"}

17:55:34.320 status code was: 400, expected: 200, response time: 1029, url: https://qa-gw.claro.com.br/resource-order-portability/v1/phone, response: {"statusCode":"400","status":"Bad Request","description":"clientEmail: Par창metro ausente ou fora do padr찾o!"}
