11:28:32.690 >> lock acquired, begin callonce: read('../../claroApp/authentication/signin.feature@login')
11:28:34.664 << lock released, cached callonce: read('../../claroApp/authentication/signin.feature@login')
11:28:34.680 request:
1 > GET https://qa-gw.claro.com.br/resource-inventory/v1/device-management
1 > Accept-Encoding: gzip,deflate
1 > Authorization: Bearer aaaaa
1 > Connection: Keep-Alive
1 > Host: qa-gw.claro.com.br
1 > User-Agent: Apache-HttpClient/4.5.5 (Java/11.0.2)
1 > X-Application-Key: 2251d8c0a94601364c54000d3ac06d76

11:28:35.077 response time in milliseconds: 352,62
1 < 401
1 < Access-Control-Allow-Origin: *
1 < Content-Type: application/json; charset=utf-8
1 < Date: Mon, 27 Jan 2020 13:28:33 GMT
1 < Server: ECD (spb/E4A2)
1 < Transfer-Encoding: chunked
1 < X-Policy: 200123-03
1 < cache-control: no-store, max-age=0
1 < strict-transport-security: max-age=63072000; includeSubDomains
1 < vary: accept-encoding
1 < www-authenticate: Third Party OAuth error="Bad Response From Token Introspection Endpoint"
1 < x-content-type-options: nosniff
1 < x-download-options: noopen
1 < x-frame-options: DENY
1 < x-request-id: 33223a641d999f9bf38d0f2c2a36f5880a890fbdba6c2e4d55ae9129cb23e40e
1 < x-xss-protection: 1; mode=block
{"statusCode":401,"error":"Unauthorized","message":"Bad Response From Token Introspection Endpoint","attributes":{"error":"Bad Response From Token Introspection Endpoint"}}

11:28:35.080 status code was: 401, expected: 403, response time: 353, url: https://qa-gw.claro.com.br/resource-inventory/v1/device-management, response: {"statusCode":401,"error":"Unauthorized","message":"Bad Response From Token Introspection Endpoint","attributes":{"error":"Bad Response From Token Introspection Endpoint"}}
