13:19:16.556 request:
1 > GET https://dev-gw.claro.com.br/resource-order-portability/v1/mobile-operators?cityId=1
1 > Accept-Encoding: gzip,deflate
1 > Connection: Keep-Alive
1 > Host: dev-gw.claro.com.br
1 > User-Agent: Apache-HttpClient/4.5.5 (Java/11.0.2)
1 > X-Application-Key: e9e24b40c78e013762d7000d3ac06d76

13:19:19.424 response time in milliseconds: 2856,58
1 < 200
1 < Access-Control-Allow-Origin: *
1 < Content-Type: application/json; charset=utf-8
1 < Server: ECD (spb/E563)
1 < Transfer-Encoding: chunked
1 < X-Policy: 200205-02
1 < cache-control: no-store, max-age=0
1 < date: Mon, 10 Feb 2020 15:19:18 GMT
1 < strict-transport-security: max-age=15768000
1 < vary: accept-encoding
1 < x-content-type-options: nosniff
1 < x-download-options: noopen
1 < x-frame-options: DENY
1 < x-request-id: 7c8d757f0410b62432fc123729159931825193eabd0459adcb99cfd7373955e2
1 < x-xss-protection: 1; mode=block
[{"identifier":"81","description":"51 BRASIL SETOR 31"},{"identifier":"3","description":"AEROTECH"},{"identifier":"5","description":"ALPHA NOBILIS"},{"identifier":"6","description":"AMAZONIA CELULAR S/A"},{"identifier":"7","description":"AMERICEL S.A."},{"identifier":"8","description":"AMIGO TELECOM"},{"identifier":"9","description":"BBS OPTIONS"},{"identifier":"11","description":"BBT"},{"identifier":"12","description":"BCP S.A."},{"identifier":"13","description":"BRASIL TELECOM"},{"identifier":"1","description":"BRASIL TELECOM CELULAR S/A"},{"identifier":"2","description":"BRASIL TELECOMUNICAÇÕES LTDA."},{"identifier":"14","description":"BT"},{"identifier":"16","description":"CONECTA"},{"identifier":"18","description":"CONVERGIA TELECOM"},{"identifier":"15","description":"CTBC"},{"identifier":"19","description":"CTBC CELULAR S.A."},{"identifier":"62","description":"DOLLARPHONE"},{"identifier":"20","description":"DSLI VOX"},{"identifier":"21","description":"EASYTONE TELECOM"},{"identifier":"22","description":"EMBRATEL"},{"identifier":"23","description":"ENGEVOX TELECOM"},{"identifier":"25","description":"EPSILON TELECOM"},{"identifier":"26","description":"ETML"},{"identifier":"27","description":"FALKLAND"},{"identifier":"28","description":"FONAR"},{"identifier":"32","description":"GOLDEN LINE TELECOM"},{"identifier":"33","description":"GT GROUP"},{"identifier":"50","description":"GVT"},{"identifier":"29","description":"GVT"},{"identifier":"4","description":"HIP TELECOM"},{"identifier":"34","description":"IDT BRASIL"},{"identifier":"35","description":"IMPSAT"},{"identifier":"36","description":"INTELIG"},{"identifier":"37","description":"LINKNET"},{"identifier":"39","description":"LOCAL TELECOM"},{"identifier":"40","description":"MUNDIVOX"},{"identifier":"41","description":"NEXUS"},{"identifier":"42","description":"NORTELPA"},{"identifier":"43","description":"OSTARA TELECOM"},{"identifier":"44","description":"PLENNA TELECOM"},{"identifier":"46","description":"PRIMEIRA ESCOLHA"},{"identifier":"47","description":"REDEVOX"},{"identifier":"48","description":"REMOTA TELECOM"},{"identifier":"49","description":"RN BRASIL"},{"identifier":"53","description":"SERCOMTEL"},{"identifier":"51","description":"SERCOMTEL CELULAR S.A."},{"identifier":"54","description":"SERMATEL"},{"identifier":"55","description":"SIGNALLINK"},{"identifier":"56","description":"STELLAR S/A"},{"identifier":"57","description":"SUPORTE TECNOLOGIA"},{"identifier":"70","description":"T-LESTE TELECOM"},{"identifier":"58","description":"TELEBIT"},{"identifier":"60","description":"TELECOMDADOS"},{"identifier":"61","description":"TELEFONICA"},{"identifier":"64","description":"TELEFREE"},{"identifier":"63","description":"TELEFÔNICA S.A."},{"identifier":"65","description":"TELEMAR"},{"identifier":"67","description":"TELEMIG CELULAR S.A"},{"identifier":"30","description":"TELENOVA COMUNICAÇÕES"},{"identifier":"68","description":"TIM"},{"identifier":"69","description":"TIM CELULAR S.A."},{"identifier":"71","description":"TMAIS"},{"identifier":"72","description":"TNL PCS S.A."},{"identifier":"74","description":"TRANSIT BRASIL"},{"identifier":"75","description":"UNICEL DO BRASIL TELECOMUNICAÇÕES LTDA."},{"identifier":"76","description":"VIVO S.A."},{"identifier":"77","description":"VOX"}]

