18:03:10.654 >> lock acquired, begin callonce: read('../../claroApp/authentication/signin.feature@login')
18:03:11.919 << lock released, cached callonce: read('../../claroApp/authentication/signin.feature@login')
18:03:11.946 request:
1 > POST https://qa-gw.claro.com.br/resource-order-portability/v1/phone
1 > Accept-Encoding: gzip,deflate
1 > Authorization: Bearer fa65a7553bc927d3@003349338695
1 > Connection: Keep-Alive
1 > Content-Length: 208
1 > Content-Type: application/json; charset=UTF-8
1 > Host: qa-gw.claro.com.br
1 > User-Agent: Apache-HttpClient/4.5.5 (Java/11.0.2)
1 > X-Application-Key: e9e24b40c78e013762d7000d3ac06d76
1 > origin: API
{"mobileOperatorIdentifier":81,"cellphoneNumber":"","netPhoneNumber":11910101010,"isHolder":"","clientIP":"","clientEmail":"teste@teste.com","clientName":"Teste Name","requestURI":"","username":"","cityId":1}

18:03:13.047 response time in milliseconds: 1097,13
1 < 400
1 < Access-Control-Allow-Origin: *
1 < Content-Type: application/json; charset=utf-8
1 < Server: ECD (spb/E516)
1 < Transfer-Encoding: chunked
1 < X-Policy: 200205-02
1 < cache-control: no-store, max-age=0
1 < date: Mon, 10 Feb 2020 20:03:13 GMT
1 < strict-transport-security: max-age=63072000; includeSubDomains
1 < vary: accept-encoding
1 < x-content-type-options: nosniff
1 < x-download-options: noopen
1 < x-frame-options: DENY
1 < x-request-id: 492c3efd893997dea110ca82b0ab5fe8be7d51df1509c75aeffc97e73d9b1956
1 < x-xss-protection: 1; mode=block
{"statusCode":"400","status":"Bad Request","description":"clientIP: Parâmetro ausente ou fora do padrão!"}

18:03:13.050 assertion failed: path: $.description, actual: 'clientIP: Parâmetro ausente ou fora do padrão!', expected: 'mobileOperatorIdentifier: Parâmetro ausente ou fora do padrão!', reason: not equal
