14:44:52.852 >> lock acquired, begin callonce: read('../../claroApp/authentication/signin.feature@login')
14:44:53.942 << lock released, cached callonce: read('../../claroApp/authentication/signin.feature@login')
14:44:53.953 request:
1 > DELETE https://qa-gw.claro.com.br/resource-inventory/v1/device-management/ZDA6YzU6ZjM6NGU6OGY6OTU=
1 > Accept-Encoding: gzip,deflate
1 > Authorization: Bearer ecd7c8a15e1499ed
1 > Connection: Keep-Alive
1 > Host: qa-gw.claro.com.br
1 > User-Agent: Apache-HttpClient/4.5.5 (Java/11.0.2)
1 > X-Application-Key: 2251d8c0a94601364c54000d3ac06d76

14:44:55.709 response time in milliseconds: 1752,81
1 < 204
1 < Access-Control-Allow-Origin: *
1 < Content-Type: application/octet-stream
1 < Server: ECD (spb/E516)
1 < X-Policy: 200127-02
1 < cache-control: no-store, max-age=0
1 < date: Mon, 27 Jan 2020 16:44:54 GMT
1 < strict-transport-security: max-age=63072000; includeSubDomains
1 < x-content-type-options: nosniff
1 < x-download-options: noopen
1 < x-frame-options: DENY
1 < x-request-id: f67e3729b3ed5d780e07ce72e120bb950f0482c72a05a0df8ee5bf3846a2d961
1 < x-xss-protection: 1; mode=block

14:44:55.712 status code was: 204, expected: 400, response time: 1753, url: https://qa-gw.claro.com.br/resource-inventory/v1/device-management/ZDA6YzU6ZjM6NGU6OGY6OTU=, response: 
